<?xml version="1.0" encoding="UTF-8"?>
<testng-results ignored="0" total="1" passed="1" failed="0" skipped="0">
  <reporter-output>
  </reporter-output>
  <suite started-at="2024-02-28T11:21:24 IST" name="Suite" finished-at="2024-02-28T11:21:28 IST" duration-ms="3992">
    <groups>
    </groups>
    <test started-at="2024-02-28T11:21:24 IST" name="Test" finished-at="2024-02-28T11:21:28 IST" duration-ms="3992">
      <class name="DataDrivens.AxisBank.ReadExcel">
        <test-method signature="fblogin()[pri:0, instance:DataDrivens.AxisBank.ReadExcel@482bce4f]" started-at="2024-02-28T11:21:24 IST" name="fblogin" finished-at="2024-02-28T11:21:28 IST" duration-ms="3964" status="PASS">
          <reporter-output>
          </reporter-output>
        </test-method> <!-- fblogin -->
      </class> <!-- DataDrivens.AxisBank.ReadExcel -->
    </test> <!-- Test -->
  </suite> <!-- Suite -->
</testng-results>
