<?xml version="1.0" encoding="UTF-8"?>
<testng-results ignored="0" total="1" passed="1" failed="0" skipped="0">
  <reporter-output>
  </reporter-output>
  <suite started-at="2024-02-27T14:01:22 IST" name="Default suite" finished-at="2024-02-27T14:01:26 IST" duration-ms="3985">
    <groups>
    </groups>
    <test started-at="2024-02-27T14:01:22 IST" name="Default test" finished-at="2024-02-27T14:01:26 IST" duration-ms="3985">
      <class name="DataDrivens.AxisBank.WriteExcel">
        <test-method signature="fblogin()[pri:0, instance:DataDrivens.AxisBank.WriteExcel@52719fb6]" started-at="2024-02-27T14:01:22 IST" name="fblogin" finished-at="2024-02-27T14:01:26 IST" duration-ms="3929" status="PASS">
          <reporter-output>
          </reporter-output>
        </test-method> <!-- fblogin -->
      </class> <!-- DataDrivens.AxisBank.WriteExcel -->
    </test> <!-- Default test -->
  </suite> <!-- Default suite -->
</testng-results>
